<?xml version="1.0" encoding="UTF-8"?>
<robot generator="Robot 7.4.2 (Python 3.13.5 on win32)" generated="2026-07-08T05:45:03.723572" rpa="false" schemaversion="5">
<suite id="s1" name="07 Regresion Completa" source="C:\Users\javie\OneDrive\Desktop\lab-ing\robotframework-labs\07_regresion_completa.robot">
<kw name="Preparar Ambiente" type="SETUP">
<kw name="Log" owner="BuiltIn">
<msg time="2026-07-08T05:45:04.138946" level="INFO">Iniciando suite de regresión completa</msg>
<arg>Iniciando suite de regresión completa</arg>
<doc>Logs the given message with the given level.</doc>
<status status="PASS" start="2026-07-08T05:45:04.138669" elapsed="0.000402"/>
</kw>
<status status="PASS" start="2026-07-08T05:45:04.138009" elapsed="0.001234"/>
</kw>
<test id="s1-t1" name="Validar API de usuarios" line="18">
<kw name="Crear Sesion API">
<kw name="Create Session" owner="RequestsLibrary">
<msg time="2026-07-08T05:45:04.140911" level="INFO">Creating Session using : alias=api, url=https://jsonplaceholder.typicode.com, headers={},                     cookies={}, auth=None, timeout=None, proxies=None, verify=False,                     debug=0 </msg>
<arg>api</arg>
<arg>${API_URL}</arg>
<doc>Create Session: create a HTTP session to a server</doc>
<status status="PASS" start="2026-07-08T05:45:04.140660" elapsed="0.000461"/>
</kw>
<status status="PASS" start="2026-07-08T05:45:04.140082" elapsed="0.001129"/>
</kw>
<kw name="GET On Session" owner="RequestsLibrary">
<msg time="2026-07-08T05:45:04.331676" level="INFO">GET Request : url=https://jsonplaceholder.typicode.com/users/1 
 path_url=/users/1 
 headers={'User-Agent': 'python-requests/2.34.2', 'Accept-Encoding': 'gzip, deflate', 'Accept': '*/*', 'Connection': 'keep-alive'} 
 body=None 
 </msg>
<msg time="2026-07-08T05:45:04.331828" level="INFO">GET Response : url=https://jsonplaceholder.typicode.com/users/1 
 status=200, reason=OK 
 headers={'Date': 'Wed, 08 Jul 2026 10:44:48 GMT', 'Content-Type': 'application/json; charset=utf-8', 'Transfer-Encoding': 'chunked', 'Connection': 'keep-alive', 'Access-Control-Allow-Credentials': 'true', 'Cache-Control': 'max-age=43200', 'Etag': 'W/"1fd-+2Y3G3w049iSZtw5t1mzSnunngE"', 'Expires': '-1', 'Nel': '{"report_to":"heroku-nel","response_headers":["Via"],"max_age":3600,"success_fraction":0.01,"failure_fraction":0.1}', 'Pragma': 'no-cache', 'Report-To': '{"group":"heroku-nel","endpoints":[{"url":"https://nel.heroku.com/reports?s=asI1%2FCpFZ6oj1F39NZT7ARANLvDm8J0%2Biwmn74YEiSE%3D\\u0026sid=e11707d5-02a7-43ef-b45e-2cf4d2036f7d\\u0026ts=1783450411"}],"max_age":3600}', 'Reporting-Endpoints': 'heroku-nel="https://nel.heroku.com/reports?s=asI1%2FCpFZ6oj1F39NZT7ARANLvDm8J0%2Biwmn74YEiSE%3D&amp;sid=e11707d5-02a7-43ef-b45e-2cf4d2036f7d&amp;ts=1783450411"', 'Server': 'cloudflare', 'Vary': 'Origin, Accept-Encoding', 'Via': '2.0 heroku-router', 'X-Content-Type-Options': 'nosniff', 'X-Powered-By': 'Express', 'X-Ratelimit-Limit': '1000', 'X-Ratelimit-Remaining': '734', 'X-Ratelimit-Reset': '1783450413', 'Age': '28160', 'Cf-Cache-Status': 'HIT', 'Content-Encoding': 'gzip', 'CF-RAY': 'a17e7eedeb8cc294-MIA', 'alt-svc': 'h3=":443"; ma=86400'} 
 body={
  "id": 1,
  "name": "Leanne Graham",
  "username": "Bret",
  "email": "Sincere@april.biz",
  "address": {
    "street": "Kulas Light",
    "suite": "Apt. 556",
    "city": "Gwenborough",
    "zipcode": "92998-3874",
    "geo": {
      "lat": "-37.3159",
      "lng": "81.1496"
    }
  },
  "phone": "1-770-736-8031 x56442",
  "website": "hildegard.org",
  "company": {
    "name": "Romaguera-Crona",
    "catchPhrase": "Multi-layered client-server neural-net",
    "bs": "harness real-time e-markets"
  }
} 
 </msg>
<msg time="2026-07-08T05:45:04.331910" level="INFO">C:\Users\javie\OneDrive\Desktop\lab-ing\robotframework-labs\venv\Lib\site-packages\urllib3\connectionpool.py:1110: InsecureRequestWarning: Unverified HTTPS request is being made to host 'jsonplaceholder.typicode.com'. Adding certificate verification is strongly advised. See: https://urllib3.readthedocs.io/en/latest/advanced-usage.html#tls-warnings
  warnings.warn(</msg>
<msg time="2026-07-08T05:45:04.332094" level="INFO">${respuesta} = &lt;Response [200]&gt;</msg>
<var>${respuesta}</var>
<arg>api</arg>
<arg>/users/1</arg>
<doc>Sends a GET request on a previously created HTTP Session.</doc>
<status status="PASS" start="2026-07-08T05:45:04.141443" elapsed="0.190688"/>
</kw>
<kw name="Should Be Equal As Integers" owner="BuiltIn">
<msg time="2026-07-08T05:45:04.332911" level="INFO">Argument types are:
&lt;class 'int'&gt;
&lt;class 'str'&gt;</msg>
<arg>${respuesta.status_code}</arg>
<arg>200</arg>
<doc>Fails if objects are unequal after converting them to integers.</doc>
<status status="PASS" start="2026-07-08T05:45:04.332348" elapsed="0.000626"/>
</kw>
<tag>regresion</tag>
<status status="PASS" start="2026-07-08T05:45:04.139449" elapsed="0.193698"/>
</test>
<test id="s1-t2" name="Validar API de publicaciones" line="25">
<kw name="Crear Sesion API">
<kw name="Create Session" owner="RequestsLibrary">
<msg time="2026-07-08T05:45:04.334154" level="INFO">Creating Session using : alias=api, url=https://jsonplaceholder.typicode.com, headers={},                     cookies={}, auth=None, timeout=None, proxies=None, verify=False,                     debug=0 </msg>
<arg>api</arg>
<arg>${API_URL}</arg>
<doc>Create Session: create a HTTP session to a server</doc>
<status status="PASS" start="2026-07-08T05:45:04.334036" elapsed="0.000252"/>
</kw>
<status status="PASS" start="2026-07-08T05:45:04.333841" elapsed="0.000516"/>
</kw>
<kw name="GET On Session" owner="RequestsLibrary">
<msg time="2026-07-08T05:45:04.526875" level="INFO">GET Request : url=https://jsonplaceholder.typicode.com/posts/1 
 path_url=/posts/1 
 headers={'User-Agent': 'python-requests/2.34.2', 'Accept-Encoding': 'gzip, deflate', 'Accept': '*/*', 'Connection': 'keep-alive'} 
 body=None 
 </msg>
<msg time="2026-07-08T05:45:04.527103" level="INFO">GET Response : url=https://jsonplaceholder.typicode.com/posts/1 
 status=200, reason=OK 
 headers={'Date': 'Wed, 08 Jul 2026 10:44:49 GMT', 'Content-Type': 'application/json; charset=utf-8', 'Transfer-Encoding': 'chunked', 'Connection': 'keep-alive', 'Access-Control-Allow-Credentials': 'true', 'Cache-Control': 'max-age=43200', 'Etag': 'W/"124-yiKdLzqO5gfBrJFrcdJ8Yq0LGnU"', 'Expires': '-1', 'Nel': '{"report_to":"heroku-nel","response_headers":["Via"],"max_age":3600,"success_fraction":0.01,"failure_fraction":0.1}', 'Pragma': 'no-cache', 'Report-To': '{"group":"heroku-nel","endpoints":[{"url":"https://nel.heroku.com/reports?s=QPRIWO3xBPoP2dEVg2Km7KXNovT7Nu2lOk%2BgbnohJYo%3D\\u0026sid=e11707d5-02a7-43ef-b45e-2cf4d2036f7d\\u0026ts=1777173639"}],"max_age":3600}', 'Reporting-Endpoints': 'heroku-nel="https://nel.heroku.com/reports?s=QPRIWO3xBPoP2dEVg2Km7KXNovT7Nu2lOk%2BgbnohJYo%3D&amp;sid=e11707d5-02a7-43ef-b45e-2cf4d2036f7d&amp;ts=1777173639"', 'Server': 'cloudflare', 'Vary': 'Origin, Accept-Encoding', 'Via': '2.0 heroku-router', 'X-Content-Type-Options': 'nosniff', 'X-Powered-By': 'Express', 'X-Ratelimit-Limit': '1000', 'X-Ratelimit-Remaining': '999', 'X-Ratelimit-Reset': '1777173681', 'Age': '696', 'Cf-Cache-Status': 'HIT', 'Content-Encoding': 'gzip', 'CF-RAY': 'a17e7eef29117d75-MIA', 'alt-svc': 'h3=":443"; ma=86400'} 
 body={
  "userId": 1,
  "id": 1,
  "title": "sunt aut facere repellat provident occaecati excepturi optio reprehenderit",
  "body": "quia et suscipit\nsuscipit recusandae consequuntur expedita et cum\nreprehenderit molestiae ut ut quas totam\nnostrum rerum est autem sunt rem eveniet architecto"
} 
 </msg>
<msg time="2026-07-08T05:45:04.527236" level="INFO">C:\Users\javie\OneDrive\Desktop\lab-ing\robotframework-labs\venv\Lib\site-packages\urllib3\connectionpool.py:1110: InsecureRequestWarning: Unverified HTTPS request is being made to host 'jsonplaceholder.typicode.com'. Adding certificate verification is strongly advised. See: https://urllib3.readthedocs.io/en/latest/advanced-usage.html#tls-warnings
  warnings.warn(</msg>
<msg time="2026-07-08T05:45:04.527516" level="INFO">${respuesta} = &lt;Response [200]&gt;</msg>
<var>${respuesta}</var>
<arg>api</arg>
<arg>/posts/1</arg>
<doc>Sends a GET request on a previously created HTTP Session.</doc>
<status status="PASS" start="2026-07-08T05:45:04.334499" elapsed="0.193216"/>
</kw>
<kw name="Should Be Equal As Integers" owner="BuiltIn">
<msg time="2026-07-08T05:45:04.528543" level="INFO">Argument types are:
&lt;class 'int'&gt;
&lt;class 'str'&gt;</msg>
<arg>${respuesta.status_code}</arg>
<arg>200</arg>
<doc>Fails if objects are unequal after converting them to integers.</doc>
<status status="PASS" start="2026-07-08T05:45:04.527971" elapsed="0.000636"/>
</kw>
<tag>regresion</tag>
<status status="PASS" start="2026-07-08T05:45:04.333461" elapsed="0.195330"/>
</test>
<test id="s1-t3" name="Validar interfaz web" line="32">
<kw name="Open Browser" owner="SeleniumLibrary">
<msg time="2026-07-08T05:45:04.529626" level="INFO">Opening browser 'Chrome' to base url 'https://www.google.com'.</msg>
<arg>${UI_URL}</arg>
<arg>Chrome</arg>
<doc>Opens a new browser instance to the optional ``url``.</doc>
<status status="PASS" start="2026-07-08T05:45:04.529448" elapsed="1.644832"/>
</kw>
<kw name="Title Should Be" owner="SeleniumLibrary">
<msg time="2026-07-08T05:45:06.178409" level="INFO">Page title is 'Google'.</msg>
<arg>Google</arg>
<doc>Verifies that the current page title equals ``title``.</doc>
<status status="PASS" start="2026-07-08T05:45:06.174552" elapsed="0.003942"/>
</kw>
<kw name="Close Browser" owner="SeleniumLibrary">
<doc>Closes the current browser.</doc>
<status status="PASS" start="2026-07-08T05:45:06.178735" elapsed="2.227993"/>
</kw>
<tag>regresion</tag>
<status status="PASS" start="2026-07-08T05:45:04.529146" elapsed="3.877832"/>
</test>
<kw name="Finalizar Ambiente" type="TEARDOWN">
<kw name="Log" owner="BuiltIn">
<msg time="2026-07-08T05:45:08.408102" level="INFO">Finalizando suite de regresión completa</msg>
<arg>Finalizando suite de regresión completa</arg>
<doc>Logs the given message with the given level.</doc>
<status status="PASS" start="2026-07-08T05:45:08.407866" elapsed="0.000288"/>
</kw>
<status status="PASS" start="2026-07-08T05:45:08.407681" elapsed="0.000545"/>
</kw>
<doc>Suite de regresión completa combinando pruebas API y UI.</doc>
<status status="PASS" start="2026-07-08T05:45:03.725213" elapsed="4.683049"/>
</suite>
<statistics>
<total>
<stat pass="3" fail="0" skip="0">All Tests</stat>
</total>
<tag>
<stat pass="3" fail="0" skip="0">regresion</stat>
</tag>
<suite>
<stat name="07 Regresion Completa" id="s1" pass="3" fail="0" skip="0">07 Regresion Completa</stat>
</suite>
</statistics>
<errors>
</errors>
</robot>
