<?xml version="1.0" encoding="UTF-8"?>
<robot generator="Robot 7.4.2 (Python 3.13.5 on win32)" generated="2026-07-08T05:02:58.005151" rpa="false" schemaversion="5">
<suite id="s1" name="Suites">
<suite id="s1-s1" name="Api" source="C:\Users\javie\OneDrive\Desktop\lab-ing\robotframework-labs\api">
<suite id="s1-s1-s1" name="06 Api Tests" source="C:\Users\javie\OneDrive\Desktop\lab-ing\robotframework-labs\api\06_api_tests.robot">
<test id="s1-s1-s1-t1" name="Obtener Lista De Usuarios" line="11">
<kw name="Create Session" owner="RequestsLibrary">
<msg time="2026-07-08T05:02:58.178479" level="INFO">Creating Session using : alias=jsonplaceholder, url=https://jsonplaceholder.typicode.com, headers={},                     cookies={}, auth=None, timeout=None, proxies=None, verify=False,                     debug=0 </msg>
<arg>jsonplaceholder</arg>
<arg>${BASE_URL}</arg>
<doc>Create Session: create a HTTP session to a server</doc>
<status status="PASS" start="2026-07-08T05:02:58.178304" elapsed="0.000364"/>
</kw>
<kw name="GET On Session" owner="RequestsLibrary">
<msg time="2026-07-08T05:02:58.378382" level="INFO">GET Request : url=https://jsonplaceholder.typicode.com/users 
 path_url=/users 
 headers={'User-Agent': 'python-requests/2.34.2', 'Accept-Encoding': 'gzip, deflate', 'Accept': '*/*', 'Connection': 'keep-alive'} 
 body=None 
 </msg>
<msg time="2026-07-08T05:02:58.378518" level="INFO">GET Response : url=https://jsonplaceholder.typicode.com/users 
 status=200, reason=OK 
 headers={'Date': 'Wed, 08 Jul 2026 10:02:43 GMT', 'Content-Type': 'application/json; charset=utf-8', 'Content-Length': '1847', 'Connection': 'keep-alive', 'Access-Control-Allow-Credentials': 'true', 'Cache-Control': 'max-age=43200', 'Content-Encoding': 'gzip', 'Etag': 'W/"160d-1eMSsxeJRfnVLRBmYJSbCiJZ1qQ"', 'Expires': '-1', 'Nel': '{"report_to":"heroku-nel","response_headers":["Via"],"max_age":3600,"success_fraction":0.01,"failure_fraction":0.1}', 'Pragma': 'no-cache', 'Report-To': '{"group":"heroku-nel","endpoints":[{"url":"https://nel.heroku.com/reports?s=4PV8iUQQTLpDBWbgtUACJL2e%2FHWSs32uzcddEEpyloI%3D\\u0026sid=e11707d5-02a7-43ef-b45e-2cf4d2036f7d\\u0026ts=1782022777"}],"max_age":3600}', 'Reporting-Endpoints': 'heroku-nel="https://nel.heroku.com/reports?s=4PV8iUQQTLpDBWbgtUACJL2e%2FHWSs32uzcddEEpyloI%3D&amp;sid=e11707d5-02a7-43ef-b45e-2cf4d2036f7d&amp;ts=1782022777"', 'Server': 'cloudflare', 'Vary': 'Origin, Accept-Encoding', 'Via': '2.0 heroku-router', 'X-Content-Type-Options': 'nosniff', 'X-Powered-By': 'Express', 'X-Ratelimit-Limit': '1000', 'X-Ratelimit-Remaining': '999', 'X-Ratelimit-Reset': '1782022816', 'Age': '26965', 'Accept-Ranges': 'bytes', 'Cf-Cache-Status': 'HIT', 'CF-RAY': 'a17e414459d79595-MIA', 'alt-svc': 'h3=":443"; ma=86400'} 
 body=[
  {
    "id": 1,
    "name": "Leanne Graham",
    "username": "Bret",
    "email": "Sincere@april.biz",
    "address": {
      "street": "Kulas Light",
      "suite": "Apt. 556",
      "city": "Gwenborough",
      "zipcode": "92998-3874",
      "geo": {
        "lat": "-37.3159",
        "lng": "81.1496"
      }
    },
    "phone": "1-770-736-8031 x56442",
    "website": "hildegard.org",
    "company": {
      "name": "Romaguera-Crona",
      "catchPhrase": "Multi-layered client-server neural-net",
      "bs": "harness real-time e-markets"
    }
  },
  {
    "id": 2,
    "name": "Ervin Howell",
    "username": "Antonette",
    "email": "Shanna@melissa.tv",
    "address": {
      "street": "Victor Plains",
      "suite": "Suite 879",
      "city": "Wisokyburgh",
      "zipcode": "90566-7771",
      "geo": {
        "lat": "-43.9509",
        "lng": "-34.4618"
      }
    },
    "phone": "010-692-6593 x09125",
    "website": "anastasia.net",
    "company": {
      "name": "Deckow-Crist",
      "catchPhrase": "Proactive didactic contingency",
      "bs": "synergize scalable supply-chains"
    }
  },
  {
    "id": 3,
    "name": "Clementine Bauch",
    "username": "Samantha",
    "email": "Nathan@yesenia.net",
    "address": {
      "street": "Douglas Extension",
      "suite": "Suite 847",
      "city": "McKenziehaven",
      "zipcode": "59590-4157",
      "geo": {
        "lat": "-68.6102",
        "lng": "-47.0653"
      }
    },
    "phone": "1-463-123-4447",
    "website": "ramiro.info",
    "company": {
      "name": "Romaguera-Jacobson",
      "catchPhrase": "Face to face bifurcated interface",
      "bs": "e-enable strategic applications"
    }
  },
  {
    "id": 4,
    "name": "Patricia Lebsack",
    "username": "Karianne",
    "email": "Julianne.OConner@kory.org",
    "address": {
      "street": "Hoeger Mall",
      "suite": "Apt. 692",
      "city": "South Elvis",
      "zipcode": "53919-4257",
      "geo": {
        "lat": "29.4572",
        "lng": "-164.2990"
      }
    },
    "phone": "493-170-9623 x156",
    "website": "kale.biz",
    "company": {
      "name": "Robel-Corkery",
      "catchPhrase": "Multi-tiered zero tolerance productivity",
      "bs": "transition cutting-edge web services"
    }
  },
  {
    "id": 5,
    "name": "Chelsey Dietrich",
    "username": "Kamren",
    "email": "Lucio_Hettinger@annie.ca",
    "address": {
      "street": "Skiles Walks",
      "suite": "Suite 351",
      "city": "Roscoeview",
      "zipcode": "33263",
      "geo": {
        "lat": "-31.8129",
        "lng": "62.5342"
      }
    },
    "phone": "(254)954-1289",
    "website": "demarco.info",
    "company": {
      "name": "Keebler LLC",
      "catchPhrase": "User-centric fault-tolerant solution",
      "bs": "revolutionize end-to-end systems"
    }
  },
  {
    "id": 6,
    "name": "Mrs. Dennis Schulist",
    "username": "Leopoldo_Corkery",
    "email": "Karley_Dach@jasper.info",
    "address": {
      "street": "Norberto Crossing",
      "suite": "Apt. 950",
      "city": "South Christy",
      "zipcode": "23505-1337",
      "geo": {
        "lat": "-71.4197",
        "lng": "71.7478"
      }
    },
    "phone": "1-477-935-8478 x6430",
    "website": "ola.org",
    "company": {
      "name": "Considine-Lockman",
      "catchPhrase": "Synchronised bottom-line interface",
      "bs": "e-enable innovative applications"
    }
  },
  {
    "id": 7,
    "name": "Kurtis Weissnat",
    "username": "Elwyn.Skiles",
    "email": "Telly.Hoeger@billy.biz",
    "address": {
      "street": "Rex Trail",
      "suite": "Suite 280",
      "city": "Howemouth",
      "zipcode": "58804-1099",
      "geo": {
        "lat": "24.8918",
        "lng": "21.8984"
      }
    },
    "phone": "210.067.6132",
    "website": "elvis.io",
    "company": {
      "name": "Johns Group",
      "catchPhrase": "Configurable multimedia task-force",
      "bs": "generate enterprise e-tailers"
    }
  },
  {
    "id": 8,
    "name": "Nicholas Runolfsdottir V",
    "username": "Maxime_Nienow",
    "email": "Sherwood@rosamond.me",
    "address": {
      "street": "Ellsworth Summit",
      "suite": "Suite 729",
      "city": "Aliyaview",
      "zipcode": "45169",
      "geo": {
        "lat": "-14.3990",
        "lng": "-120.7677"
      }
    },
    "phone": "586.493.6943 x140",
    "website": "jacynthe.com",
    "company": {
      "name": "Abernathy Group",
      "catchPhrase": "Implemented secondary concept",
      "bs": "e-enable extensible e-tailers"
    }
  },
  {
    "id": 9,
    "name": "Glenna Reichert",
    "username": "Delphine",
    "email": "Chaim_McDermott@dana.io",
    "address": {
      "street": "Dayna Park",
      "suite": "Suite 449",
      "city": "Bartholomebury",
      "zipcode": "76495-3109",
      "geo": {
        "lat": "24.6463",
        "lng": "-168.8889"
      }
    },
    "phone": "(775)976-6794 x41206",
    "website": "conrad.com",
    "company": {
      "name": "Yost and Sons",
      "catchPhrase": "Switchable contextually-based project",
      "bs": "aggregate real-time technologies"
    }
  },
  {
    "id": 10,
    "name": "Clementina DuBuque",
    "username": "Moriah.Stanton",
    "email": "Rey.Padberg@karina.biz",
    "address": {
      "street": "Kattie Turnpike",
      "suite": "Suite 198",
      "city": "Lebsackbury",
      "zipcode": "31428-2261",
      "geo": {
        "lat": "-38.2386",
        "lng": "57.2232"
      }
    },
    "phone": "024-648-3804",
    "website": "ambrose.net",
    "company": {
      "name": "Hoeger LLC",
      "catchPhrase": "Centralized empowering task-force",
      "bs": "target end-to-end models"
    }
  }
] 
 </msg>
<msg time="2026-07-08T05:02:58.378801" level="INFO">C:\Users\javie\OneDrive\Desktop\lab-ing\robotframework-labs\venv\Lib\site-packages\urllib3\connectionpool.py:1110: InsecureRequestWarning: Unverified HTTPS request is being made to host 'jsonplaceholder.typicode.com'. Adding certificate verification is strongly advised. See: https://urllib3.readthedocs.io/en/latest/advanced-usage.html#tls-warnings
  warnings.warn(</msg>
<msg time="2026-07-08T05:02:58.378957" level="INFO">${response} = &lt;Response [200]&gt;</msg>
<var>${response}</var>
<arg>jsonplaceholder</arg>
<arg>url=/users</arg>
<doc>Sends a GET request on a previously created HTTP Session.</doc>
<status status="PASS" start="2026-07-08T05:02:58.178830" elapsed="0.200157"/>
</kw>
<kw name="Status Should Be" owner="RequestsLibrary">
<arg>200</arg>
<arg>${response}</arg>
<doc>Fails if response status code is different than the expected.</doc>
<status status="PASS" start="2026-07-08T05:02:58.379127" elapsed="0.000237"/>
</kw>
<kw name="Set Variable" owner="BuiltIn">
<msg time="2026-07-08T05:02:58.380260" level="INFO">${usuarios} = [{'id': 1, 'name': 'Leanne Graham', 'username': 'Bret', 'email': 'Sincere@april.biz', 'address': {'street': 'Kulas Light', 'suite': 'Apt. 556', 'city': 'Gwenborough', 'zipcode': '92998-3874', 'geo': {...</msg>
<var>${usuarios}</var>
<arg>${response.json()}</arg>
<doc>Returns the given values which can then be assigned to a variables.</doc>
<status status="PASS" start="2026-07-08T05:02:58.379468" elapsed="0.000822"/>
</kw>
<kw name="Should Be True" owner="BuiltIn">
<arg>len(${usuarios}) &gt; 0</arg>
<doc>Fails if the given condition is not true.</doc>
<status status="PASS" start="2026-07-08T05:02:58.380394" elapsed="0.001245"/>
</kw>
<status status="PASS" start="2026-07-08T05:02:58.177627" elapsed="0.204186"/>
</test>
<test id="s1-s1-s1-t2" name="Crear Nuevo Usuario" line="28">
<kw name="Create Session" owner="RequestsLibrary">
<msg time="2026-07-08T05:02:58.382726" level="INFO">Creating Session using : alias=jsonplaceholder, url=https://jsonplaceholder.typicode.com, headers={},                     cookies={}, auth=None, timeout=None, proxies=None, verify=False,                     debug=0 </msg>
<arg>jsonplaceholder</arg>
<arg>${BASE_URL}</arg>
<doc>Create Session: create a HTTP session to a server</doc>
<status status="PASS" start="2026-07-08T05:02:58.382543" elapsed="0.000382"/>
</kw>
<kw name="Create Dictionary" owner="BuiltIn">
<msg time="2026-07-08T05:02:58.384081" level="INFO">&amp;{payload} = { name=Carlos | username=QA | email=carlos@test.com }</msg>
<var>&amp;{payload}</var>
<arg>name=Carlos</arg>
<arg>username=QA</arg>
<arg>email=carlos@test.com</arg>
<doc>Creates and returns a dictionary based on the given ``items``.</doc>
<status status="PASS" start="2026-07-08T05:02:58.383150" elapsed="0.000966"/>
</kw>
<kw name="POST On Session" owner="RequestsLibrary">
<msg time="2026-07-08T05:02:58.584939" level="INFO">POST Request : url=https://jsonplaceholder.typicode.com/users 
 path_url=/users 
 headers={'User-Agent': 'python-requests/2.34.2', 'Accept-Encoding': 'gzip, deflate', 'Accept': '*/*', 'Connection': 'keep-alive', 'Content-Length': '64', 'Content-Type': 'application/json'} 
 body=b'{"name": "Carlos", "username": "QA", "email": "carlos@test.com"}' 
 </msg>
<msg time="2026-07-08T05:02:58.585029" level="INFO">POST Response : url=https://jsonplaceholder.typicode.com/users 
 status=201, reason=Created 
 headers={'Date': 'Wed, 08 Jul 2026 10:02:43 GMT', 'Content-Type': 'application/json; charset=utf-8', 'Content-Length': '84', 'Connection': 'keep-alive', 'Access-Control-Allow-Credentials': 'true', 'Access-Control-Expose-Headers': 'Location', 'Cache-Control': 'no-cache', 'Etag': 'W/"54-OD+5uOoOn6d4neJaZBR2SsDt5h0"', 'Expires': '-1', 'Location': 'https://jsonplaceholder.typicode.com/users/11', 'Nel': '{"report_to":"heroku-nel","response_headers":["Via"],"max_age":3600,"success_fraction":0.01,"failure_fraction":0.1}', 'Pragma': 'no-cache', 'Report-To': '{"group":"heroku-nel","endpoints":[{"url":"https://nel.heroku.com/reports?s=VPujYEu%2FSc1WpsRSDz%2FkAKEmSl18RWAcnAeNlV0rNMI%3D\\u0026sid=e11707d5-02a7-43ef-b45e-2cf4d2036f7d\\u0026ts=1783504963"}],"max_age":3600}', 'Reporting-Endpoints': 'heroku-nel="https://nel.heroku.com/reports?s=VPujYEu%2FSc1WpsRSDz%2FkAKEmSl18RWAcnAeNlV0rNMI%3D&amp;sid=e11707d5-02a7-43ef-b45e-2cf4d2036f7d&amp;ts=1783504963"', 'Server': 'cloudflare', 'Vary': 'Origin, X-HTTP-Method-Override, Accept-Encoding', 'Via': '2.0 heroku-router', 'X-Content-Type-Options': 'nosniff', 'X-Powered-By': 'Express', 'X-Ratelimit-Limit': '1000', 'X-Ratelimit-Remaining': '999', 'X-Ratelimit-Reset': '1783504998', 'Cf-Cache-Status': 'DYNAMIC', 'CF-RAY': 'a17e41458ae16c1b-MIA', 'alt-svc': 'h3=":443"; ma=86400'} 
 body={
  "name": "Carlos",
  "username": "QA",
  "email": "carlos@test.com",
  "id": 11
} 
 </msg>
<msg time="2026-07-08T05:02:58.585121" level="INFO">C:\Users\javie\OneDrive\Desktop\lab-ing\robotframework-labs\venv\Lib\site-packages\urllib3\connectionpool.py:1110: InsecureRequestWarning: Unverified HTTPS request is being made to host 'jsonplaceholder.typicode.com'. Adding certificate verification is strongly advised. See: https://urllib3.readthedocs.io/en/latest/advanced-usage.html#tls-warnings
  warnings.warn(</msg>
<msg time="2026-07-08T05:02:58.585244" level="INFO">${response} = &lt;Response [201]&gt;</msg>
<var>${response}</var>
<arg>jsonplaceholder</arg>
<arg>url=/users</arg>
<arg>json=${payload}</arg>
<doc>Sends a POST request on a previously created HTTP Session.</doc>
<status status="PASS" start="2026-07-08T05:02:58.384232" elapsed="0.201036"/>
</kw>
<kw name="Status Should Be" owner="RequestsLibrary">
<arg>201</arg>
<arg>${response}</arg>
<doc>Fails if response status code is different than the expected.</doc>
<status status="PASS" start="2026-07-08T05:02:58.585387" elapsed="0.000172"/>
</kw>
<kw name="Should Be Equal" owner="BuiltIn">
<arg>${response.json()}[name]</arg>
<arg>Carlos</arg>
<doc>Fails if the given objects are unequal.</doc>
<status status="PASS" start="2026-07-08T05:02:58.585652" elapsed="0.000637"/>
</kw>
<status status="PASS" start="2026-07-08T05:02:58.382148" elapsed="0.204251"/>
</test>
<test id="s1-s1-s1-t3" name="Obtener Usuario Inexistente" line="51">
<kw name="Create Session" owner="RequestsLibrary">
<msg time="2026-07-08T05:02:58.586980" level="INFO">Creating Session using : alias=jsonplaceholder, url=https://jsonplaceholder.typicode.com, headers={},                     cookies={}, auth=None, timeout=None, proxies=None, verify=False,                     debug=0 </msg>
<arg>jsonplaceholder</arg>
<arg>${BASE_URL}</arg>
<doc>Create Session: create a HTTP session to a server</doc>
<status status="PASS" start="2026-07-08T05:02:58.586850" elapsed="0.000253"/>
</kw>
<kw name="GET On Session" owner="RequestsLibrary">
<msg time="2026-07-08T05:02:58.773833" level="INFO">GET Request : url=https://jsonplaceholder.typicode.com/users/9999 
 path_url=/users/9999 
 headers={'User-Agent': 'python-requests/2.34.2', 'Accept-Encoding': 'gzip, deflate', 'Accept': '*/*', 'Connection': 'keep-alive'} 
 body=None 
 </msg>
<msg time="2026-07-08T05:02:58.773970" level="INFO">GET Response : url=https://jsonplaceholder.typicode.com/users/9999 
 status=404, reason=Not Found 
 headers={'Date': 'Wed, 08 Jul 2026 10:02:43 GMT', 'Content-Type': 'application/json; charset=utf-8', 'Content-Length': '2', 'Connection': 'keep-alive', 'Access-Control-Allow-Credentials': 'true', 'Cache-Control': 'max-age=43200', 'Etag': 'W/"2-vyGp6PvFo4RvsFtPoIWeCReyIC8"', 'Expires': '-1', 'Nel': '{"report_to":"heroku-nel","response_headers":["Via"],"max_age":3600,"success_fraction":0.01,"failure_fraction":0.1}', 'Pragma': 'no-cache', 'Report-To': '{"group":"heroku-nel","endpoints":[{"url":"https://nel.heroku.com/reports?s=KQJAeL3PoZ2kWDFp%2F2CO%2FFSZUrz1yG1hNz%2B58zJQmbQ%3D\\u0026sid=e11707d5-02a7-43ef-b45e-2cf4d2036f7d\\u0026ts=1783501846"}],"max_age":3600}', 'Reporting-Endpoints': 'heroku-nel="https://nel.heroku.com/reports?s=KQJAeL3PoZ2kWDFp%2F2CO%2FFSZUrz1yG1hNz%2B58zJQmbQ%3D&amp;sid=e11707d5-02a7-43ef-b45e-2cf4d2036f7d&amp;ts=1783501846"', 'Server': 'cloudflare', 'Vary': 'Origin, Accept-Encoding', 'Via': '2.0 heroku-router', 'X-Content-Type-Options': 'nosniff', 'X-Powered-By': 'Express', 'X-Ratelimit-Limit': '1000', 'X-Ratelimit-Remaining': '998', 'X-Ratelimit-Reset': '1783501878', 'Age': '3117', 'Cf-Cache-Status': 'HIT', 'CF-RAY': 'a17e4146db8e2634-MIA', 'alt-svc': 'h3=":443"; ma=86400'} 
 body={} 
 </msg>
<msg time="2026-07-08T05:02:58.774167" level="INFO">C:\Users\javie\OneDrive\Desktop\lab-ing\robotframework-labs\venv\Lib\site-packages\urllib3\connectionpool.py:1110: InsecureRequestWarning: Unverified HTTPS request is being made to host 'jsonplaceholder.typicode.com'. Adding certificate verification is strongly advised. See: https://urllib3.readthedocs.io/en/latest/advanced-usage.html#tls-warnings
  warnings.warn(</msg>
<msg time="2026-07-08T05:02:58.774354" level="INFO">${response} = &lt;Response [404]&gt;</msg>
<var>${response}</var>
<arg>jsonplaceholder</arg>
<arg>url=/users/9999</arg>
<arg>expected_status=404</arg>
<doc>Sends a GET request on a previously created HTTP Session.</doc>
<status status="PASS" start="2026-07-08T05:02:58.587198" elapsed="0.187194"/>
</kw>
<kw name="Status Should Be" owner="RequestsLibrary">
<arg>404</arg>
<arg>${response}</arg>
<doc>Fails if response status code is different than the expected.</doc>
<status status="PASS" start="2026-07-08T05:02:58.774586" elapsed="0.000268"/>
</kw>
<status status="PASS" start="2026-07-08T05:02:58.586573" elapsed="0.188435"/>
</test>
<status status="PASS" start="2026-07-08T05:02:58.051570" elapsed="0.723982"/>
</suite>
<status status="PASS" start="2026-07-08T05:02:58.050224" elapsed="0.726111"/>
</suite>
<status status="PASS" start="2026-07-08T05:02:58.006861" elapsed="0.770104"/>
</suite>
<statistics>
<total>
<stat pass="3" fail="0" skip="0">All Tests</stat>
</total>
<tag>
</tag>
<suite>
<stat name="Suites" id="s1" pass="3" fail="0" skip="0">Suites</stat>
<stat name="Api" id="s1-s1" pass="3" fail="0" skip="0">Suites.Api</stat>
<stat name="06 Api Tests" id="s1-s1-s1" pass="3" fail="0" skip="0">Suites.Api.06 Api Tests</stat>
</suite>
</statistics>
<errors>
</errors>
</robot>
